INFO [05-17|18:15:17] Starting peer-to-peer node               instance=Geth/v1.6.2-unstable-a2f23ca9/darwin-amd64/go1.8.1
INFO [05-17|18:15:17] Allocated cache and file handles         database=/Users/dinn/Library/Ethereum/geth/chaindata cache=128 handles=1024
INFO [05-17|18:15:17] Initialised chain configuration          config="{ChainID: 99999 Homestead: 0 DAO: <nil> DAOSupport: false EIP150: <nil> EIP155: 0 EIP158: 0 Engine: unknown}"
INFO [05-17|18:15:17] Disk storage enabled for ethash caches   dir=/Users/dinn/Library/Ethereum/geth/ethash count=3
INFO [05-17|18:15:17] Disk storage enabled for ethash DAGs     dir=/Users/dinn/.ethash                      count=2
INFO [05-17|18:15:17] Initialising Ethereum protocol           versions="[63 62]" network=1
INFO [05-17|18:15:17] Loaded most recent local header          number=0 hash=5e1fc7…d790e0 td=131072
INFO [05-17|18:15:17] Loaded most recent local full block      number=0 hash=5e1fc7…d790e0 td=131072
INFO [05-17|18:15:17] Loaded most recent local fast block      number=0 hash=5e1fc7…d790e0 td=131072
INFO [05-17|18:15:17] Starting P2P networking 
INFO [05-17|18:15:17] RLPx listener up                         self=enode://def245630a13a7c64adf53e6988d086fb3f1d57c964c4ca8fc58e9acdc726aecd2b8cf11c54f4dbc702b3b587fef41f74056a7d2bbfc715b613c2ec4779e6685@192.168.2.10:30303
INFO [05-17|18:15:17] HTTP endpoint opened: http://127.0.0.1:8545 
INFO [05-17|18:15:17] IPC endpoint opened: /Users/dinn/Library/Ethereum/geth.ipc 
INFO [05-17|18:15:18] Mapped network port                      proto=udp extport=30303 intport=30303 interface=NAT-PMP(192.168.199.1)
INFO [05-17|18:15:18] Mapped network port                      proto=tcp extport=30303 intport=30303 interface=NAT-PMP(192.168.199.1)
INFO [05-17|18:15:19] Got interrupt, shutting down... 
INFO [05-17|18:15:19] HTTP endpoint closed: http://127.0.0.1:8545 
INFO [05-17|18:15:19] IPC endpoint closed: /Users/dinn/Library/Ethereum/geth.ipc 
INFO [05-17|18:15:19] Blockchain manager stopped 
INFO [05-17|18:15:19] Stopping Ethereum protocol 
INFO [05-17|18:15:19] Ethereum protocol stopped 
INFO [05-17|18:15:19] Transaction pool stopped 
INFO [05-17|18:15:19] Database closed                          database=/Users/dinn/Library/Ethereum/geth/chaindata
INFO [05-17|18:19:33] Starting peer-to-peer node               instance=Geth/v1.6.2-unstable-a2f23ca9/darwin-amd64/go1.8.1
INFO [05-17|18:19:33] Allocated cache and file handles         database=/Users/dinn/Library/Ethereum/geth/chaindata cache=128 handles=1024
INFO [05-17|18:19:33] Starting peer-to-peer node               instance=Geth/v1.6.2-unstable-a2f23ca9/darwin-amd64/go1.8.1
INFO [05-17|18:19:33] Allocated cache and file handles         database=/Users/dinn/Library/Ethereum/geth/chaindata cache=128 handles=1024
Fatal: Error starting protocol stack: resource temporarily unavailable
Fatal: Error starting protocol stack: resource temporarily unavailable
